2025-05-04 00:58:23,399 - common_imports - INFO - Загрузка данных...
2025-05-04 00:58:50,134 - common_imports - INFO - 
===== Анализ заказов =====
2025-05-04 00:58:50,135 - common_imports - INFO - 
Размер датафрейма: (29899, 75)
2025-05-04 00:58:50,135 - common_imports - INFO - 
Типы данных:
2025-05-04 00:58:50,136 - common_imports - INFO - Ref                           object
Date                  datetime64[ns]
Number                         int64
Заказчик                      object
ВремяНачала           datetime64[ns]
                           ...      
Задачи                        object
ДопУслуги                     object
ПромежуточныеТочки            object
Дата                  datetime64[ns]
Маршрут                       object
Length: 75, dtype: object
2025-05-04 00:58:50,141 - common_imports - INFO - 
Пропущенные значения по колонкам:
2025-05-04 00:58:50,245 - common_imports - INFO - РасчетнаяСтоимость          4268
ФактическаяСтоимость        4197
Акт                            0
НомерРодительскогоЗаказа       0
КомментарийКМаршруту           0
                            ... 
Табличка                       0
Перекат                        0
Тариф                          0
Водитель                       0
Маршрут                        0
Length: 75, dtype: int64
2025-05-04 00:58:50,250 - common_imports - INFO - 
Статистика по: ЦенаЗаЧас
2025-05-04 00:58:50,252 - common_imports - INFO - count    29899.000000
mean      1486.293980
std        648.933136
min          0.000000
25%       1121.000000
50%       1630.000000
75%       1775.000000
max      25758.590000
Name: ЦенаЗаЧас, dtype: float64
2025-05-04 00:58:50,255 - common_imports - INFO - 
Статистика по: ФактическаяСтоимость
2025-05-04 00:58:50,258 - common_imports - INFO - count    2.570200e+04
mean     1.135325e+05
std      3.934095e+05
min      0.000000e+00
25%      1.065000e+04
50%      2.960000e+04
75%      9.135000e+04
max      9.800700e+06
Name: ФактическаяСтоимость, dtype: float64
2025-05-04 00:58:50,259 - common_imports - INFO - 
Статистика по: РасчетнаяСтоимость
2025-05-04 00:58:50,262 - common_imports - INFO - count     25631.000000
mean      14352.760212
std        8791.203881
min           0.000000
25%        9063.000000
50%       12425.000000
75%       19800.000000
max      380000.000000
Name: РасчетнаяСтоимость, dtype: float64
2025-05-04 00:58:50,264 - common_imports - INFO - 
Статистика по: КоличествоПассажиров
2025-05-04 00:58:50,266 - common_imports - INFO - count    29899.000000
mean        38.828590
std         18.257985
min          0.000000
25%         20.000000
50%         49.000000
75%         51.000000
max         63.000000
Name: КоличествоПассажиров, dtype: float64
2025-05-04 00:58:50,267 - common_imports - INFO - 
===== Анализ клиентов =====
2025-05-04 00:58:50,268 - common_imports - INFO - 
--- Топ маршрутов по каждому заказчику ---
2025-05-04 00:58:50,312 - common_imports - INFO - 
--- Популярные ТС у заказчиков ---
2025-05-04 00:58:50,322 - common_imports - INFO -                                Заказчик                          ТС  Частота
0                    City Break Company               Yutong (51+1)       12
1                          EXPRESS LINE               Yutong (51+1)        6
2                             FROMTE OU        MAN LION'S COACH(59)        2
3                       Henriette Denes                 Scania (59)        4
4                     Ludmila Tovashova             Not Information        2
5               Mauricio Alfonso Guizar               Yutong (49+1)        2
6                            Om Agrawal             Not Information        4
7                           Roland Just               Yutong (51+1)        3
8  SEASKY INTERNATIONAL BUSINESS TRAVEL            MB Sprinter (16)        5
9                                АДИДАС  MAN LION'S INTERCITY(55+1)       98
2025-05-04 00:58:50,325 - common_imports - INFO - 
--- Среднее количество пассажиров ---
2025-05-04 00:58:50,330 - common_imports - INFO - Заказчик
City Break Company                      34.9
EXPRESS LINE                            26.3
FROMTE OU                               59.0
Henriette Denes                         57.0
Ludmila Tovashova                       33.0
Mauricio Alfonso Guizar                 40.0
Om Agrawal                               8.0
Roland Just                             27.0
SEASKY INTERNATIONAL BUSINESS TRAVEL    16.0
АДИДАС                                  53.8
Name: КоличествоПассажиров, dtype: float64
2025-05-04 00:58:50,332 - common_imports - INFO - 
===== Анализ транспортных средств =====
2025-05-04 00:58:50,357 - common_imports - INFO - 
Анализ заказов с 'Not Information' в колонке ТипТС:
2025-05-04 00:58:50,358 - common_imports - INFO - Количество заказов с 'Not Information': 0
2025-05-04 00:58:50,358 - common_imports - INFO - Процент от общего количества заказов: 0.00%
2025-05-04 00:58:50,358 - common_imports - INFO - 
--- Анализ цен по типам ТС ---
2025-05-04 00:58:50,367 - common_imports - INFO -                                МинимальнаяЦена  МаксимальнаяЦена  СредняяЦена  \
ТипТС                                                                           
51+1 ЮТОНГ Автобус                        0.00           6600.00      1606.99   
49+1 ЮТОНГ Автобус                        0.00           6615.03      1554.91   
19 Мерседес Спринтер                      0.00           3000.00      1113.71   
Бизнес Легковая                           0.00          25758.59       828.55   
59+0/1 Европа Автобус                     0.00           7000.00      1826.02   
53+1 ЮТОНГ Автобус                        0.00           6000.00      1866.11   
51+1 Европа Автобус                       0.00           2230.00      1741.31   
16 Мерседес Спринтер (багаж)              0.00           3200.00       900.83   
Азия Автобус 49+1                       850.00           4012.00      2004.15   
 ПАЗ 25+16                              480.00           1944.55      1149.73   
 Шкода Октавия                            0.00          10237.83       896.54   
 Мерседес Е-213                           0.00           2518.28       946.33   
49+1 Европа Автобус                       0.00           2300.00      1678.96   
Минивэны 07                               0.00           1620.00      1050.90   
35 Автобус вместо микрика                 0.00           5610.00      3312.58   
Европа Автобус 63+1                     983.33            983.33       983.33   
Микроавтобус 20                           0.00           3000.00       743.07   
55+1 Европа Автобус (АДИДАС)              0.00           2982.92      1429.45   
  ДопУслуги                               0.00             21.71         0.20   
Эконом Легковая                         700.00            757.58       756.30   
57+1 ЮТОНГ Автобус                     1350.00           2280.00      1976.30   
 Грузовой                                 0.00           3400.00       848.32   
Азия Автобус 47+1                       850.00           2700.00      1125.83   
Азия Автобус 43+1                       950.00           1650.00      1417.50   
07 Мерседес VITO                          0.00              0.00         0.00   
 Мерседес S-222                        1000.00           2160.00      1232.00   
19 VIP Мерседес Спринтер               2700.00           2700.00      2700.00   

                               МедианнаяЦена  КоличествоЗаказов  
ТипТС                                                            
51+1 ЮТОНГ Автобус                   1670.00               8775  
49+1 ЮТОНГ Автобус                   1650.00               6670  
19 Мерседес Спринтер                  900.00               2581  
Бизнес Легковая                       872.22               2088  
59+0/1 Европа Автобус                1800.00               2013  
53+1 ЮТОНГ Автобус                   1670.00               1865  
51+1 Европа Автобус                  1850.00               1233  
16 Мерседес Спринтер (багаж)          950.00               1183  
Азия Автобус 49+1                    1350.00               1003  
 ПАЗ 25+16                           1042.33                490  
 Шкода Октавия                        720.99                415  
 Мерседес Е-213                       920.87                352  
49+1 Европа Автобус                  1850.00                207  
Минивэны 07                           940.00                176  
35 Автобус вместо микрика            2805.00                165  
Европа Автобус 63+1                   983.33                120  
Микроавтобус 20                       600.00                118  
55+1 Европа Автобус (АДИДАС)         1491.46                110  
  ДопУслуги                             0.00                106  
Эконом Легковая                       757.58                 90  
57+1 ЮТОНГ Автобус                   2000.00                 69  
 Грузовой                             975.00                 32  
Азия Автобус 47+1                     850.00                 18  
Азия Автобус 43+1                    1450.00                  8  
07 Мерседес VITO                        0.00                  6  
 Мерседес S-222                      1000.00                  5  
19 VIP Мерседес Спринтер             2700.00                  1  
2025-05-04 00:58:50,379 - common_imports - INFO - 
===== Тестирование модели =====
2025-05-04 00:58:50,431 - common_imports - INFO - 
Загрузка модели из: C:\Users\Валерия\PycharmProjects\BBus_main\outputs\models\catboost_typets_model_v3.cbm
2025-05-04 00:58:50,556 - common_imports - INFO - 
Выполнение предсказаний...
2025-05-04 00:58:51,685 - common_imports - INFO - 
==================================================
2025-05-04 00:58:51,686 - common_imports - INFO - ДЕМОНСТРАЦИЯ РАБОТЫ МОДЕЛИ ДЛЯ РУКОВОДИТЕЛЯ
2025-05-04 00:58:51,686 - common_imports - INFO - ==================================================
2025-05-04 00:58:51,736 - common_imports - INFO - 
Загрузка модели из: C:\Users\Валерия\PycharmProjects\BBus_main\outputs\models\catboost_typets_model_v3.cbm
2025-05-04 23:03:36,543 - common_imports - INFO - Загрузка данных...
2025-05-04 23:04:14,991 - common_imports - INFO - 
===== Анализ заказов =====
2025-05-04 23:04:14,991 - common_imports - INFO - 
Размер датафрейма: (29899, 75)
2025-05-04 23:04:14,991 - common_imports - INFO - 
Типы данных:
2025-05-04 23:04:14,991 - common_imports - INFO - Ref                           object
Date                  datetime64[ns]
Number                         int64
Заказчик                      object
ВремяНачала           datetime64[ns]
                           ...      
Задачи                        object
ДопУслуги                     object
ПромежуточныеТочки            object
Дата                  datetime64[ns]
Маршрут                       object
Length: 75, dtype: object
2025-05-04 23:04:14,993 - common_imports - INFO - 
Пропущенные значения по колонкам:
2025-05-04 23:04:15,110 - common_imports - INFO - РасчетнаяСтоимость          4268
ФактическаяСтоимость        4197
Акт                            0
НомерРодительскогоЗаказа       0
КомментарийКМаршруту           0
                            ... 
Табличка                       0
Перекат                        0
Тариф                          0
Водитель                       0
Маршрут                        0
Length: 75, dtype: int64
2025-05-04 23:04:15,112 - common_imports - INFO - 
Статистика по: ЦенаЗаЧас
2025-05-04 23:04:15,114 - common_imports - INFO - count    29899.000000
mean      1486.293980
std        648.933136
min          0.000000
25%       1121.000000
50%       1630.000000
75%       1775.000000
max      25758.590000
Name: ЦенаЗаЧас, dtype: float64
2025-05-04 23:04:15,115 - common_imports - INFO - 
Статистика по: ФактическаяСтоимость
2025-05-04 23:04:15,118 - common_imports - INFO - count    2.570200e+04
mean     1.135325e+05
std      3.934095e+05
min      0.000000e+00
25%      1.065000e+04
50%      2.960000e+04
75%      9.135000e+04
max      9.800700e+06
Name: ФактическаяСтоимость, dtype: float64
2025-05-04 23:04:15,119 - common_imports - INFO - 
Статистика по: РасчетнаяСтоимость
2025-05-04 23:04:15,122 - common_imports - INFO - count     25631.000000
mean      14352.760212
std        8791.203881
min           0.000000
25%        9063.000000
50%       12425.000000
75%       19800.000000
max      380000.000000
Name: РасчетнаяСтоимость, dtype: float64
2025-05-04 23:04:15,122 - common_imports - INFO - 
Статистика по: КоличествоПассажиров
2025-05-04 23:04:15,124 - common_imports - INFO - count    29899.000000
mean        38.828590
std         18.257985
min          0.000000
25%         20.000000
50%         49.000000
75%         51.000000
max         63.000000
Name: КоличествоПассажиров, dtype: float64
2025-05-04 23:04:15,125 - common_imports - INFO - 
===== Анализ клиентов =====
2025-05-04 23:04:15,125 - common_imports - INFO - 
--- Топ маршрутов по каждому заказчику ---
2025-05-04 23:04:15,174 - common_imports - INFO - 
--- Популярные ТС у заказчиков ---
2025-05-04 23:04:15,198 - common_imports - INFO -                                Заказчик                          ТС  Частота
0                    City Break Company               Yutong (51+1)       12
1                          EXPRESS LINE               Yutong (51+1)        6
2                             FROMTE OU        MAN LION'S COACH(59)        2
3                       Henriette Denes                 Scania (59)        4
4                     Ludmila Tovashova             Not Information        2
5               Mauricio Alfonso Guizar               Yutong (49+1)        2
6                            Om Agrawal             Not Information        4
7                           Roland Just               Yutong (51+1)        3
8  SEASKY INTERNATIONAL BUSINESS TRAVEL            MB Sprinter (16)        5
9                                АДИДАС  MAN LION'S INTERCITY(55+1)       98
2025-05-04 23:04:15,201 - common_imports - INFO - 
--- Среднее количество пассажиров ---
2025-05-04 23:04:15,207 - common_imports - INFO - Заказчик
City Break Company                      34.9
EXPRESS LINE                            26.3
FROMTE OU                               59.0
Henriette Denes                         57.0
Ludmila Tovashova                       33.0
Mauricio Alfonso Guizar                 40.0
Om Agrawal                               8.0
Roland Just                             27.0
SEASKY INTERNATIONAL BUSINESS TRAVEL    16.0
АДИДАС                                  53.8
Name: КоличествоПассажиров, dtype: float64
2025-05-04 23:04:15,208 - common_imports - INFO - 
===== Анализ транспортных средств =====
2025-05-04 23:04:15,236 - common_imports - INFO - 
Анализ заказов с 'Not Information' в колонке ТипТС:
2025-05-04 23:04:15,236 - common_imports - INFO - Количество заказов с 'Not Information': 0
2025-05-04 23:04:15,236 - common_imports - INFO - Процент от общего количества заказов: 0.00%
2025-05-04 23:04:15,236 - common_imports - INFO - 
--- Анализ цен по типам ТС ---
2025-05-04 23:04:15,246 - common_imports - INFO -                                МинимальнаяЦена  МаксимальнаяЦена  СредняяЦена  \
ТипТС                                                                           
51+1 ЮТОНГ Автобус                        0.00           6600.00      1606.99   
49+1 ЮТОНГ Автобус                        0.00           6615.03      1554.91   
19 Мерседес Спринтер                      0.00           3000.00      1113.71   
Бизнес Легковая                           0.00          25758.59       828.55   
59+0/1 Европа Автобус                     0.00           7000.00      1826.02   
53+1 ЮТОНГ Автобус                        0.00           6000.00      1866.11   
51+1 Европа Автобус                       0.00           2230.00      1741.31   
16 Мерседес Спринтер (багаж)              0.00           3200.00       900.83   
Азия Автобус 49+1                       850.00           4012.00      2004.15   
 ПАЗ 25+16                              480.00           1944.55      1149.73   
 Шкода Октавия                            0.00          10237.83       896.54   
 Мерседес Е-213                           0.00           2518.28       946.33   
49+1 Европа Автобус                       0.00           2300.00      1678.96   
Минивэны 07                               0.00           1620.00      1050.90   
35 Автобус вместо микрика                 0.00           5610.00      3312.58   
Европа Автобус 63+1                     983.33            983.33       983.33   
Микроавтобус 20                           0.00           3000.00       743.07   
55+1 Европа Автобус (АДИДАС)              0.00           2982.92      1429.45   
  ДопУслуги                               0.00             21.71         0.20   
Эконом Легковая                         700.00            757.58       756.30   
57+1 ЮТОНГ Автобус                     1350.00           2280.00      1976.30   
 Грузовой                                 0.00           3400.00       848.32   
Азия Автобус 47+1                       850.00           2700.00      1125.83   
Азия Автобус 43+1                       950.00           1650.00      1417.50   
07 Мерседес VITO                          0.00              0.00         0.00   
 Мерседес S-222                        1000.00           2160.00      1232.00   
19 VIP Мерседес Спринтер               2700.00           2700.00      2700.00   

                               МедианнаяЦена  КоличествоЗаказов  
ТипТС                                                            
51+1 ЮТОНГ Автобус                   1670.00               8775  
49+1 ЮТОНГ Автобус                   1650.00               6670  
19 Мерседес Спринтер                  900.00               2581  
Бизнес Легковая                       872.22               2088  
59+0/1 Европа Автобус                1800.00               2013  
53+1 ЮТОНГ Автобус                   1670.00               1865  
51+1 Европа Автобус                  1850.00               1233  
16 Мерседес Спринтер (багаж)          950.00               1183  
Азия Автобус 49+1                    1350.00               1003  
 ПАЗ 25+16                           1042.33                490  
 Шкода Октавия                        720.99                415  
 Мерседес Е-213                       920.87                352  
49+1 Европа Автобус                  1850.00                207  
Минивэны 07                           940.00                176  
35 Автобус вместо микрика            2805.00                165  
Европа Автобус 63+1                   983.33                120  
Микроавтобус 20                       600.00                118  
55+1 Европа Автобус (АДИДАС)         1491.46                110  
  ДопУслуги                             0.00                106  
Эконом Легковая                       757.58                 90  
57+1 ЮТОНГ Автобус                   2000.00                 69  
 Грузовой                             975.00                 32  
Азия Автобус 47+1                     850.00                 18  
Азия Автобус 43+1                    1450.00                  8  
07 Мерседес VITO                        0.00                  6  
 Мерседес S-222                      1000.00                  5  
19 VIP Мерседес Спринтер             2700.00                  1  
2025-05-04 23:04:15,270 - common_imports - INFO - 
===== Тестирование модели =====
2025-05-04 23:04:15,345 - common_imports - INFO - 
Загрузка модели из: C:\Users\Валерия\PycharmProjects\BBus_main\outputs\models\catboost_typets_model_v3.cbm
2025-05-04 23:04:15,528 - common_imports - INFO - 
Выполнение предсказаний...
2025-05-04 23:04:18,488 - common_imports - INFO - 
==================================================
2025-05-04 23:04:18,488 - common_imports - INFO - ДЕМОНСТРАЦИЯ РАБОТЫ МОДЕЛИ ДЛЯ РУКОВОДИТЕЛЯ
2025-05-04 23:04:18,488 - common_imports - INFO - ==================================================
2025-05-04 23:04:18,565 - common_imports - INFO - 
Загрузка модели из: C:\Users\Валерия\PycharmProjects\BBus_main\outputs\models\catboost_typets_model_v3.cbm
2025-05-04 23:06:01,137 - common_imports - INFO - 
Анализ завершен!
