2025-05-07 11:21:51,277 - common_imports - INFO - Загрузка данных...
2025-05-07 11:21:57,061 - common_imports - INFO - Загрузка моделей...
2025-05-07 11:21:57,167 - common_imports - INFO - Оценка модели CatBoost...
2025-05-07 11:21:57,363 - common_imports - INFO - Точность модели CatBoost: 0.9607
2025-05-07 11:21:57,364 - common_imports - INFO - Отчет о классификации:
2025-05-07 11:21:57,659 - common_imports - INFO -                                precision    recall  f1-score   support

                    ДопУслуги       1.00      0.93      0.97       106
                     Грузовой       0.93      0.84      0.89        32
               Мерседес S-222       1.00      1.00      1.00         5
               Мерседес Е-213       1.00      0.97      0.98       352
                    ПАЗ 25+16       0.98      0.99      0.99       490
                Шкода Октавия       0.99      0.94      0.97       415
             07 Мерседес VITO       0.00      0.00      0.00         6
16 Мерседес Спринтер (багаж)        0.94      0.98      0.96      1183
     19 VIP Мерседес Спринтер       0.00      0.00      0.00         1
         19 Мерседес Спринтер       0.96      0.99      0.97      2581
    35 Автобус вместо микрика       1.00      0.73      0.84       165
          49+1 Европа Автобус       0.94      0.76      0.84       207
           49+1 ЮТОНГ Автобус       0.92      0.97      0.95      6670
          51+1 Европа Автобус       0.96      0.96      0.96      1233
           51+1 ЮТОНГ Автобус       0.97      0.95      0.96      8775
           53+1 ЮТОНГ Автобус       0.99      0.91      0.94      1865
55+1 Европа Автобус (АДИДАС)        0.99      1.00      1.00       110
           57+1 ЮТОНГ Автобус       0.95      0.78      0.86        69
        59+0/1 Европа Автобус       0.99      0.99      0.99      2013
            Азия Автобус 43+1       0.00      0.00      0.00         8
            Азия Автобус 47+1       0.00      0.00      0.00        18
            Азия Автобус 49+1       0.99      0.98      0.98      1003
              Бизнес Легковая       0.98      1.00      0.99      2088
          Европа Автобус 63+1       1.00      1.00      1.00       120
              Микроавтобус 20       0.98      0.87      0.92       118
                  Минивэны 07       0.91      0.82      0.86       176
              Эконом Легковая       1.00      1.00      1.00        90

                     accuracy                           0.96     29899
                    macro avg       0.83      0.79      0.81     29899
                 weighted avg       0.96      0.96      0.96     29899

2025-05-07 11:21:57,661 - common_imports - INFO - Оценка модели RandomForest...
2025-05-07 11:21:57,929 - common_imports - INFO - Точность модели RandomForest: 0.9579
2025-05-07 11:21:57,929 - common_imports - INFO - Отчет о классификации:
2025-05-07 11:21:58,213 - common_imports - INFO -                                precision    recall  f1-score   support

                    ДопУслуги       1.00      0.81      0.90       106
                     Грузовой       1.00      0.78      0.88        32
               Мерседес S-222       1.00      1.00      1.00         5
               Мерседес Е-213       1.00      0.97      0.98       352
                    ПАЗ 25+16       0.98      0.99      0.99       490
                Шкода Октавия       1.00      0.94      0.97       415
             07 Мерседес VITO       0.00      0.00      0.00         6
16 Мерседес Спринтер (багаж)        0.93      0.99      0.96      1183
     19 VIP Мерседес Спринтер       0.00      0.00      0.00         1
         19 Мерседес Спринтер       0.96      0.99      0.97      2581
    35 Автобус вместо микрика       1.00      0.73      0.84       165
          49+1 Европа Автобус       0.99      0.82      0.90       207
           49+1 ЮТОНГ Автобус       0.90      0.99      0.94      6670
          51+1 Европа Автобус       0.98      0.92      0.95      1233
           51+1 ЮТОНГ Автобус       0.98      0.94      0.96      8775
           53+1 ЮТОНГ Автобус       0.99      0.91      0.95      1865
55+1 Европа Автобус (АДИДАС)        0.99      1.00      1.00       110
           57+1 ЮТОНГ Автобус       1.00      0.72      0.84        69
        59+0/1 Европа Автобус       0.99      0.99      0.99      2013
            Азия Автобус 43+1       0.00      0.00      0.00         8
            Азия Автобус 47+1       0.00      0.00      0.00        18
            Азия Автобус 49+1       1.00      0.98      0.99      1003
              Бизнес Легковая       0.98      1.00      0.99      2088
          Европа Автобус 63+1       1.00      1.00      1.00       120
              Микроавтобус 20       0.99      0.87      0.93       118
                  Минивэны 07       0.91      0.80      0.85       176
              Эконом Легковая       1.00      1.00      1.00        90

                     accuracy                           0.96     29899
                    macro avg       0.84      0.78      0.81     29899
                 weighted avg       0.96      0.96      0.96     29899

2025-05-07 11:22:00,827 - common_imports - INFO - Сравнение предсказаний моделей:
2025-05-07 11:22:00,827 - common_imports - INFO - Всего примеров: 29899
2025-05-07 11:22:00,827 - common_imports - INFO - Модели согласны друг с другом: 29425 (98.41%)
2025-05-07 11:22:00,827 - common_imports - INFO - Обе модели правильно предсказали: 28464 (95.20%)
2025-05-07 11:22:00,827 - common_imports - INFO - Анализ расхождений в предсказаниях:
2025-05-07 11:22:00,828 - common_imports - INFO - Количество расхождений: 474 (1.59%)
2025-05-07 11:22:02,851 - common_imports - INFO - Подробное сравнение сохранено в: C:\Users\Валерия\PycharmProjects\BBus_main\outputs\model_predictions_comparison.xlsx
2025-05-07 11:22:02,926 - common_imports - INFO - График сравнения точности моделей сохранен в: C:\Users\Валерия\PycharmProjects\BBus_main\outputs\models_accuracy_comparison.png
